app/build/intermediates/manifest_merge_blame_file/debug/manifest-merger-blame-debug-report.txt
1<?xml version="1.0" encoding="utf-8"?>
2<manifest xmlns:android="http://schemas.android.com/apk/res/android"
3    package="com.example.bankingsystem"
4    android:versionCode="1"
5    android:versionName="1.0" >
6
7    <uses-sdk
8        android:minSdkVersion="17"
8-->src\main\AndroidManifest.xml
9        android:targetSdkVersion="30" />
9-->src\main\AndroidManifest.xml
10
11    <application
11-->src\main\AndroidManifest.xml:5:5-55:19
12        android:allowBackup="true"
12-->src\main\AndroidManifest.xml:6:9-35
13        android:appComponentFactory="androidx.core.app.CoreComponentFactory"
13-->[androidx.core:core:1.3.2] AndroidManifest.xml:24:18-86
14        android:debuggable="true"
15        android:icon="@drawable/icon"
15-->src\main\AndroidManifest.xml:7:9-38
16        android:label="@string/app_name"
16-->src\main\AndroidManifest.xml:8:9-41
17        android:roundIcon="@drawable/icon"
17-->src\main\AndroidManifest.xml:9:9-43
18        android:supportsRtl="true"
18-->src\main\AndroidManifest.xml:10:9-35
19        android:testOnly="true"
20        android:theme="@style/Theme.BankingSystem" >
20-->src\main\AndroidManifest.xml:11:9-51
21        <activity
21-->src\main\AndroidManifest.xml:12:9-23:20
22            android:name="com.example.bankingsystem.splash_screen"
22-->src\main\AndroidManifest.xml:12:19-48
23            android:screenOrientation="portrait"
23-->src\main\AndroidManifest.xml:13:13-49
24            android:theme="@style/Theme.AppCompat.DayNight.NoActionBar" >
24-->src\main\AndroidManifest.xml:14:13-72
25            <intent-filter>
25-->src\main\AndroidManifest.xml:15:13-21:29
26                <action android:name="android.intent.action.MAIN" >
26-->src\main\AndroidManifest.xml:16:17-17:26
26-->src\main\AndroidManifest.xml:16:25-66
27                </action>
28
29                <category android:name="android.intent.category.LAUNCHER" >
29-->src\main\AndroidManifest.xml:19:17-20:28
29-->src\main\AndroidManifest.xml:19:27-74
30                </category>
31            </intent-filter>
32        </activity>
33        <activity
33-->src\main\AndroidManifest.xml:25:9-28:20
34            android:name="com.example.bankingsystem.MainActivity"
34-->src\main\AndroidManifest.xml:25:19-47
35            android:screenOrientation="portrait"
35-->src\main\AndroidManifest.xml:26:13-49
36            android:theme="@style/Theme.AppCompat.DayNight.NoActionBar" >
36-->src\main\AndroidManifest.xml:27:13-72
37        </activity>
38        <activity
38-->src\main\AndroidManifest.xml:29:9-33:20
39            android:name="com.example.bankingsystem.user_list"
39-->src\main\AndroidManifest.xml:29:19-44
40            android:label="Banking App"
40-->src\main\AndroidManifest.xml:31:13-40
41            android:screenOrientation="portrait"
41-->src\main\AndroidManifest.xml:30:13-49
42            android:theme="@style/AppTheme" >
42-->src\main\AndroidManifest.xml:32:13-44
43        </activity>
44        <activity
44-->src\main\AndroidManifest.xml:35:9-39:46
45            android:name="com.example.bankingsystem.user_data"
45-->src\main\AndroidManifest.xml:35:19-44
46            android:label="User Details"
46-->src\main\AndroidManifest.xml:38:13-41
47            android:parentActivityName="com.example.bankingsystem.user_list"
47-->src\main\AndroidManifest.xml:36:13-52
48            android:screenOrientation="portrait"
48-->src\main\AndroidManifest.xml:37:13-49
49            android:theme="@style/AppTheme" />
49-->src\main\AndroidManifest.xml:39:13-44
50        <activity
50-->src\main\AndroidManifest.xml:41:9-44:46
51            android:name="com.example.bankingsystem.sendtouser"
51-->src\main\AndroidManifest.xml:41:19-45
52            android:label="Transfer Money"
52-->src\main\AndroidManifest.xml:43:13-43
53            android:screenOrientation="portrait"
53-->src\main\AndroidManifest.xml:42:13-49
54            android:theme="@style/AppTheme" />
54-->src\main\AndroidManifest.xml:44:13-44
55        <activity
55-->src\main\AndroidManifest.xml:46:9-50:46
56            android:name="com.example.bankingsystem.history_list"
56-->src\main\AndroidManifest.xml:46:19-47
57            android:label="Transactions"
57-->src\main\AndroidManifest.xml:49:13-41
58            android:parentActivityName="com.example.bankingsystem.user_list"
58-->src\main\AndroidManifest.xml:47:13-52
59            android:screenOrientation="portrait"
59-->src\main\AndroidManifest.xml:48:13-49
60            android:theme="@style/AppTheme" />
60-->src\main\AndroidManifest.xml:50:13-44
61
62        <meta-data
62-->src\main\AndroidManifest.xml:52:9-54:57
63            android:name="preloaded_fonts"
63-->src\main\AndroidManifest.xml:53:13-43
64            android:resource="@array/preloaded_fonts" />
64-->src\main\AndroidManifest.xml:54:13-54
65    </application>
66
67</manifest>